[2026-03-04 11:24:52] === YOLO Logo Downloader 启动 ===
[2026-03-04 11:24:52] 开始时间: 2026-03-04 11:24:52
[2026-03-04 11:24:52] 计划结束: 2026-03-04 15:24:52
[2026-03-04 11:24:52] 目标: 下载尽可能多的 logo

[2026-03-04 11:24:52] [1/178] 下载 google... (剩余时间: 3:59:59.995544)
[2026-03-04 11:24:53]   ✓ 成功: google.svg
[2026-03-04 11:24:54] [2/178] 下载 microsoft... (剩余时间: 3:59:58.866329)
[2026-03-04 11:24:54]   ✗ 失败
[2026-03-04 11:24:55] [3/178] 下载 apple... (剩余时间: 3:59:57.800759)
[2026-03-04 11:24:55]   ✓ 成功: apple.svg
[2026-03-04 11:24:56] [4/178] 下载 amazon... (剩余时间: 3:59:56.751803)
[2026-03-04 11:24:56]   ✗ 失败
[2026-03-04 11:24:57] [5/178] 下载 meta... (剩余时间: 3:59:55.705608)
[2026-03-04 11:24:57]   ✓ 成功: meta.svg
[2026-03-04 11:24:58] [6/178] 下载 tesla... (剩余时间: 3:59:54.645356)
[2026-03-04 11:24:58]   ✓ 成功: tesla.svg
[2026-03-04 11:24:59] [7/178] 下载 nvidia... (剩余时间: 3:59:53.584142)
[2026-03-04 11:24:59]   ✓ 成功: nvidia.svg
[2026-03-04 11:25:00] [8/178] 下载 intel... (剩余时间: 3:59:52.515712)
[2026-03-04 11:25:01]   ✓ 成功: intel.svg
[2026-03-04 11:25:01] [9/178] 下载 amd... (剩余时间: 3:59:51.457295)
[2026-03-04 11:25:02]   ✓ 成功: amd.svg
[2026-03-04 11:25:02] [10/178] 下载 qualcomm... (剩余时间: 3:59:50.421675)
[2026-03-04 11:25:03]   ✓ 成功: qualcomm.svg
[2026-03-04 11:25:03] [11/178] 下载 samsung... (剩余时间: 3:59:49.400834)
[2026-03-04 11:25:04]   ✓ 成功: samsung.svg
[2026-03-04 11:25:04] [12/178] 下载 sony... (剩余时间: 3:59:48.350355)
[2026-03-04 11:25:05]   ✓ 成功: sony.svg
[2026-03-04 11:25:05] [13/178] 下载 panasonic... (剩余时间: 3:59:47.301853)
[2026-03-04 11:25:06]   ✓ 成功: panasonic.svg
[2026-03-04 11:25:06] [14/178] 下载 lg... (剩余时间: 3:59:46.260732)
[2026-03-04 11:25:07]   ✓ 成功: lg.svg
[2026-03-04 11:25:07] [15/178] 下载 siemens... (剩余时间: 3:59:45.186344)
[2026-03-04 11:25:08]   ✓ 成功: siemens.svg
[2026-03-04 11:25:08] [16/178] 下载 bosch... (剩余时间: 3:59:44.105871)
[2026-03-04 11:25:09]   ✓ 成功: bosch.svg
[2026-03-04 11:25:09] [17/178] 下载 toyota... (剩余时间: 3:59:43.073834)
[2026-03-04 11:25:10]   ✓ 成功: toyota.svg
[2026-03-04 11:25:10] [18/178] 下载 honda... (剩余时间: 3:59:41.992487)
[2026-03-04 11:25:11]   ✓ 成功: honda.svg
[2026-03-04 11:25:12] [19/178] 下载 bmw... (剩余时间: 3:59:40.905426)
[2026-03-04 11:25:12]   ✓ 成功: bmw.svg
[2026-03-04 11:25:13] [20/178] 下载 mercedes... (剩余时间: 3:59:39.873373)
[2026-03-04 11:25:13]   ✗ 失败
[2026-03-04 11:25:14] [21/178] 下载 audi... (剩余时间: 3:59:38.826071)
[2026-03-04 11:25:14]   ✓ 成功: audi.svg
[2026-03-04 11:25:15] [22/178] 下载 volkswagen... (剩余时间: 3:59:37.747867)
[2026-03-04 11:25:15]   ✓ 成功: volkswagen.svg
[2026-03-04 11:25:16] [23/178] 下载 porsche... (剩余时间: 3:59:36.658532)
[2026-03-04 11:25:16]   ✓ 成功: porsche.svg
[2026-03-04 11:25:17] [24/178] 下载 ferrari... (剩余时间: 3:59:35.578852)
[2026-03-04 11:25:17]   ✓ 成功: ferrari.svg
[2026-03-04 11:25:18] [25/178] 下载 lamborghini... (剩余时间: 3:59:34.489719)
[2026-03-04 11:25:18]   ✓ 成功: lamborghini.svg
[2026-03-04 11:25:19] [26/178] 下载 mclaren... (剩余时间: 3:59:33.467499)
[2026-03-04 11:25:20]   ✓ 成功: mclaren.svg
[2026-03-04 11:25:20] [27/178] 下载 bugatti... (剩余时间: 3:59:32.420857)
[2026-03-04 11:25:21]   ✓ 成功: bugatti.svg
[2026-03-04 11:25:21] [28/178] 下载 rollsroyce... (剩余时间: 3:59:31.371388)
[2026-03-04 11:25:22]   ✓ 成功: rollsroyce.svg
[2026-03-04 11:25:22] [29/178] 下载 bentley... (剩余时间: 3:59:30.260315)
[2026-03-04 11:25:23]   ✓ 成功: bentley.svg
[2026-03-04 11:25:23] [30/178] 下载 astonmartin... (剩余时间: 3:59:29.246160)
[2026-03-04 11:25:24]   ✓ 成功: astonmartin.svg
[2026-03-04 11:25:24] [31/178] 下载 jpmorgan... (剩余时间: 3:59:28.187800)
[2026-03-04 11:25:25]   ✗ 失败
[2026-03-04 11:25:25] [32/178] 下载 bankofamerica... (剩余时间: 3:59:27.101685)
[2026-03-04 11:25:26]   ✓ 成功: bankofamerica.svg
[2026-03-04 11:25:26] [33/178] 下载 wellsfargo... (剩余时间: 3:59:26.075674)
[2026-03-04 11:25:27]   ✓ 成功: wellsfargo.svg
[2026-03-04 11:25:27] [34/178] 下载 citigroup... (剩余时间: 3:59:25.016774)
[2026-03-04 11:25:28]   ✗ 失败
[2026-03-04 11:25:29] [35/178] 下载 goldmansachs... (剩余时间: 3:59:23.949011)
[2026-03-04 11:25:29]   ✓ 成功: goldmansachs.svg
[2026-03-04 11:25:30] [36/178] 下载 morganstanley... (剩余时间: 3:59:22.833912)
[2026-03-04 11:25:30]   ✗ 失败
[2026-03-04 11:25:31] [37/178] 下载 hsbc... (剩余时间: 3:59:21.789215)
[2026-03-04 11:25:31]   ✓ 成功: hsbc.svg
[2026-03-04 11:25:32] [38/178] 下载 barclays... (剩余时间: 3:59:20.699809)
[2026-03-04 11:25:32]   ✓ 成功: barclays.svg
[2026-03-04 11:25:33] [39/178] 下载 deutschebank... (剩余时间: 3:59:19.616353)
[2026-03-04 11:25:33]   ✓ 成功: deutschebank.svg
[2026-03-04 11:25:34] [40/178] 下载 ubs... (剩余时间: 3:59:18.581982)
[2026-03-04 11:25:34]   ✗ 失败
[2026-03-04 11:25:35] [41/178] 下载 credit-suisse... (剩余时间: 3:59:17.544737)
[2026-03-04 11:25:36]   ✗ 失败
[2026-03-04 11:25:37] [42/178] 下载 nomura... (剩余时间: 3:59:15.633965)
[2026-03-04 11:25:37]   ✗ 失败
[2026-03-04 11:25:38] [43/178] 下载 exxonmobil... (剩余时间: 3:59:14.599789)
[2026-03-04 11:25:38]   ✗ 失败
[2026-03-04 11:25:39] [44/178] 下载 chevron... (剩余时间: 3:59:13.511068)
[2026-03-04 11:25:39]   ✗ 失败
[2026-03-04 11:25:40] [45/178] 下载 bp... (剩余时间: 3:59:12.505102)
[2026-03-04 11:25:40]   ✗ 失败
[2026-03-04 11:25:41] [46/178] 下载 shell... (剩余时间: 3:59:11.491892)
[2026-03-04 11:25:42]   ✓ 成功: shell.svg
[2026-03-04 11:25:42] [47/178] 下载 total... (剩余时间: 3:59:10.437034)
[2026-03-04 11:25:43]   ✗ 失败
[2026-03-04 11:25:43] [48/178] 下载 schlumberger... (剩余时间: 3:59:09.415651)
[2026-03-04 11:25:44]   ✗ 失败
[2026-03-04 11:25:44] [49/178] 下载 halliburton... (剩余时间: 3:59:08.302796)
[2026-03-04 11:25:45]   ✗ 失败
[2026-03-04 11:25:45] [50/178] 下载 johnsonandjohnson... (剩余时间: 3:59:07.270473)
[2026-03-04 11:25:46]   ✗ 失败
[2026-03-04 11:25:46] [51/178] 下载 pfizer... (剩余时间: 3:59:06.256904)
[2026-03-04 11:25:47]   ✗ 失败
[2026-03-04 11:25:47] [52/178] 下载 novartis... (剩余时间: 3:59:05.108031)
[2026-03-04 11:25:48]   ✗ 失败
[2026-03-04 11:25:48] [53/178] 下载 roche... (剩余时间: 3:59:04.104650)
[2026-03-04 11:25:49]   ✗ 失败
[2026-03-04 11:25:49] [54/178] 下载 merck... (剩余时间: 3:59:03.034556)
[2026-03-04 11:25:50]   ✓ 成功: merck.svg
[2026-03-04 11:25:50] [55/178] 下载 abbvie... (剩余时间: 3:59:01.983625)
[2026-03-04 11:25:51]   ✓ 成功: abbvie.svg
[2026-03-04 11:25:52] [56/178] 下载 eli-lilly... (剩余时间: 3:59:00.931504)
[2026-03-04 11:25:53]   ✗ 失败
[2026-03-04 11:25:53] [57/178] 下载 unitedhealth... (剩余时间: 3:58:59.072270)
[2026-03-04 11:25:54]   ✗ 失败
[2026-03-04 11:25:54] [58/178] 下载 anthem... (剩余时间: 3:58:57.981252)
[2026-03-04 11:25:55]   ✗ 失败
[2026-03-04 11:25:55] [59/178] 下载 cigna... (剩余时间: 3:58:56.967679)
[2026-03-04 11:25:56]   ✗ 失败
[2026-03-04 11:25:57] [60/178] 下载 humana... (剩余时间: 3:58:55.908739)
[2026-03-04 11:25:57]   ✗ 失败
[2026-03-04 11:25:58] [61/178] 下载 aetna... (剩余时间: 3:58:54.896161)
[2026-03-04 11:25:58]   ✗ 失败
[2026-03-04 11:25:59] [62/178] 下载 walmart... (剩余时间: 3:58:53.756722)
[2026-03-04 11:25:59]   ✗ 失败
[2026-03-04 11:26:00] [63/178] 下载 costco... (剩余时间: 3:58:52.709791)
[2026-03-04 11:26:00]   ✗ 失败
[2026-03-04 11:26:01] [64/178] 下载 target... (剩余时间: 3:58:51.620208)
[2026-03-04 11:26:01]   ✓ 成功: target.svg
[2026-03-04 11:26:02] [65/178] 下载 home-depot... (剩余时间: 3:58:50.542501)
[2026-03-04 11:26:03]   ✗ 失败
[2026-03-04 11:26:04] [66/178] 下载 lowes... (剩余时间: 3:58:48.507902)
[2026-03-04 11:26:05]   ✗ 失败
[2026-03-04 11:26:05] [67/178] 下载 best-buy... (剩余时间: 3:58:47.450180)
[2026-03-04 11:26:07]   ✗ 失败
[2026-03-04 11:26:07] [68/178] 下载 coca-cola... (剩余时间: 3:58:45.413634)
[2026-03-04 11:26:08]   ✓ 成功: coca-cola.svg
[2026-03-04 11:26:08] [69/178] 下载 pepsi... (剩余时间: 3:58:44.321754)
[2026-03-04 11:26:09]   ✗ 失败
[2026-03-04 11:26:09] [70/178] 下载 nestle... (剩余时间: 3:58:43.297402)
[2026-03-04 11:26:10]   ✗ 失败
[2026-03-04 11:26:10] [71/178] 下载 unilever... (剩余时间: 3:58:42.239299)
[2026-03-04 11:26:12]   ✓ 成功: unilever.svg
[2026-03-04 11:26:12] [72/178] 下载 procter-gamble... (剩余时间: 3:58:40.430934)
[2026-03-04 11:26:13]   ✗ 失败
[2026-03-04 11:26:14] [73/178] 下载 colgate... (剩余时间: 3:58:38.550000)
[2026-03-04 11:26:15]   ✗ 失败
[2026-03-04 11:26:15] [74/178] 下载 mcdonalds... (剩余时间: 3:58:37.007119)
[2026-03-04 11:26:16]   ✓ 成功: mcdonalds.svg
[2026-03-04 11:26:17] [75/178] 下载 starbucks... (剩余时间: 3:58:35.893229)
[2026-03-04 11:26:17]   ✓ 成功: starbucks.svg
[2026-03-04 11:26:18] [76/178] 下载 yum-brands... (剩余时间: 3:58:34.858190)
[2026-03-04 11:26:19]   ✗ 失败
[2026-03-04 11:26:20] [77/178] 下载 chipotle... (剩余时间: 3:58:32.824311)
[2026-03-04 11:26:20]   ✗ 失败
[2026-03-04 11:26:21] [78/178] 下载 dominos... (剩余时间: 3:58:31.745546)
[2026-03-04 11:26:21]   ✗ 失败
[2026-03-04 11:26:22] [79/178] 下载 darden... (剩余时间: 3:58:30.695746)
[2026-03-04 11:26:22]   ✗ 失败
[2026-03-04 11:26:23] [80/178] 下载 disney... (剩余时间: 3:58:29.665407)
[2026-03-04 11:26:23]   ✗ 失败
[2026-03-04 11:26:24] [81/178] 下载 netflix... (剩余时间: 3:58:28.548363)
[2026-03-04 11:26:25]   ✓ 成功: netflix.svg
[2026-03-04 11:26:25] [82/178] 下载 comcast... (剩余时间: 3:58:27.434207)
[2026-03-04 11:26:26]   ✗ 失败
[2026-03-04 11:26:26] [83/178] 下载 charter... (剩余时间: 3:58:26.375544)
[2026-03-04 11:26:27]   ✗ 失败
[2026-03-04 11:26:27] [84/178] 下载 verizon... (剩余时间: 3:58:25.337978)
[2026-03-04 11:26:28]   ✓ 成功: verizon.svg
[2026-03-04 11:26:28] [85/178] 下载 at-t... (剩余时间: 3:58:24.237625)
[2026-03-04 11:26:30]   ✗ 失败
[2026-03-04 11:26:30] [86/178] 下载 t-mobile... (剩余时间: 3:58:22.381288)
[2026-03-04 11:26:31]   ✗ 失败
[2026-03-04 11:26:32] [87/178] 下载 nike... (剩余时间: 3:58:20.554766)
[2026-03-04 11:26:32]   ✓ 成功: nike.svg
[2026-03-04 11:26:33] [88/178] 下载 adidas... (剩余时间: 3:58:19.529283)
[2026-03-04 11:26:34]   ✓ 成功: adidas.svg
[2026-03-04 11:26:34] [89/178] 下载 lululemon... (剩余时间: 3:58:18.426400)
[2026-03-04 11:26:35]   ✗ 失败
[2026-03-04 11:26:35] [90/178] 下载 under-armour... (剩余时间: 3:58:17.394802)
[2026-03-04 11:26:36]   ✓ 成功: under-armour.svg
[2026-03-04 11:26:36] [91/178] 下载 gap... (剩余时间: 3:58:16.214766)
[2026-03-04 11:26:37]   ✗ 失败
[2026-03-04 11:26:37] [92/178] 下载 h-m... (剩余时间: 3:58:15.119847)
[2026-03-04 11:26:39]   ✗ 失败
[2026-03-04 11:26:39] [93/178] 下载 zara... (剩余时间: 3:58:13.028399)
[2026-03-04 11:26:40]   ✓ 成功: zara.svg
[2026-03-04 11:26:41] [94/178] 下载 salesforce... (剩余时间: 3:58:11.941785)
[2026-03-04 11:26:41]   ✗ 失败
[2026-03-04 11:26:42] [95/178] 下载 oracle... (剩余时间: 3:58:10.929125)
[2026-03-04 11:26:42]   ✗ 失败
[2026-03-04 11:26:43] [96/178] 下载 sap... (剩余时间: 3:58:09.917594)
[2026-03-04 11:26:43]   ✓ 成功: sap.svg
[2026-03-04 11:26:44] [97/178] 下载 intuit... (剩余时间: 3:58:08.825558)
[2026-03-04 11:26:44]   ✓ 成功: intuit.svg
[2026-03-04 11:26:45] [98/178] 下载 adobe... (剩余时间: 3:58:07.766373)
[2026-03-04 11:26:45]   ✗ 失败
[2026-03-04 11:26:46] [99/178] 下载 autodesk... (剩余时间: 3:58:06.711342)
[2026-03-04 11:26:46]   ✓ 成功: autodesk.svg
[2026-03-04 11:26:47] [100/178] 下载 workday... (剩余时间: 3:58:05.666489)
[2026-03-04 11:26:47]   ✗ 失败
[2026-03-04 11:26:48] [101/178] 下载 booking... (剩余时间: 3:58:04.580871)
[2026-03-04 11:26:48]   ✗ 失败
[2026-03-04 11:26:49] [102/178] 下载 expedia... (剩余时间: 3:58:03.540325)
[2026-03-04 11:26:49]   ✓ 成功: expedia.svg
[2026-03-04 11:26:50] [103/178] 下载 airbnb... (剩余时间: 3:58:02.526831)
[2026-03-04 11:26:50]   ✓ 成功: airbnb.svg
[2026-03-04 11:26:51] [104/178] 下载 uber... (剩余时间: 3:58:01.466586)
[2026-03-04 11:26:52]   ✓ 成功: uber.svg
[2026-03-04 11:26:52] [105/178] 下载 lyft... (剩余时间: 3:58:00.275842)
[2026-03-04 11:26:53]   ✓ 成功: lyft.svg
[2026-03-04 11:26:54] [106/178] 下载 doordash... (剩余时间: 3:57:58.707818)
[2026-03-04 11:26:54]   ✓ 成功: doordash.svg
[2026-03-04 11:26:55] [107/178] 下载 instacart... (剩余时间: 3:57:57.575868)
[2026-03-04 11:26:56]   ✓ 成功: instacart.svg
[2026-03-04 11:26:56] [108/178] 下载 zoom... (剩余时间: 3:57:56.447996)
[2026-03-04 11:26:57]   ✓ 成功: zoom.svg
[2026-03-04 11:26:57] [109/178] 下载 slack... (剩余时间: 3:57:55.415707)
[2026-03-04 11:26:58]   ✗ 失败
[2026-03-04 11:26:58] [110/178] 下载 teams... (剩余时间: 3:57:54.388323)
[2026-03-04 11:26:59]   ✗ 失败
[2026-03-04 11:26:59] [111/178] 下载 webex... (剩余时间: 3:57:53.298938)
[2026-03-04 11:27:00]   ✓ 成功: webex.svg
[2026-03-04 11:27:00] [112/178] 下载 skype... (剩余时间: 3:57:52.215624)
[2026-03-04 11:27:01]   ✗ 失败
[2026-03-04 11:27:01] [113/178] 下载 telegram... (剩余时间: 3:57:51.141707)
[2026-03-04 11:27:02]   ✓ 成功: telegram.svg
[2026-03-04 11:27:02] [114/178] 下载 signal... (剩余时间: 3:57:50.078697)
[2026-03-04 11:27:03]   ✓ 成功: signal.svg
[2026-03-04 11:27:03] [115/178] 下载 spotify... (剩余时间: 3:57:49.038994)
[2026-03-04 11:27:04]   ✓ 成功: spotify.svg
[2026-03-04 11:27:04] [116/178] 下载 apple-music... (剩余时间: 3:57:48.009016)
[2026-03-04 11:27:05]   ✓ 成功: apple-music.svg
[2026-03-04 11:27:05] [117/178] 下载 youtube-music... (剩余时间: 3:57:46.965287)
[2026-03-04 11:27:06]   ✓ 成功: youtube-music.svg
[2026-03-04 11:27:07] [118/178] 下载 amazon-music... (剩余时间: 3:57:45.937168)
[2026-03-04 11:27:08]   ✗ 失败
[2026-03-04 11:27:09] [119/178] 下载 tidal... (剩余时间: 3:57:43.825420)
[2026-03-04 11:27:09]   ✓ 成功: tidal.svg
[2026-03-04 11:27:10] [120/178] 下载 twitter... (剩余时间: 3:57:42.713181)
[2026-03-04 11:27:10]   ✗ 失败
[2026-03-04 11:27:11] [121/178] 下载 facebook... (剩余时间: 3:57:41.665209)
[2026-03-04 11:27:11]   ✓ 成功: facebook.svg
[2026-03-04 11:27:12] [122/178] 下载 instagram... (剩余时间: 3:57:40.615576)
[2026-03-04 11:27:12]   ✓ 成功: instagram.svg
[2026-03-04 11:27:13] [123/178] 下载 linkedin... (剩余时间: 3:57:39.577396)
[2026-03-04 11:27:13]   ✗ 失败
[2026-03-04 11:27:14] [124/178] 下载 snapchat... (剩余时间: 3:57:38.558235)
[2026-03-04 11:27:14]   ✓ 成功: snapchat.svg
[2026-03-04 11:27:15] [125/178] 下载 pinterest... (剩余时间: 3:57:37.545783)
[2026-03-04 11:27:15]   ✓ 成功: pinterest.svg
[2026-03-04 11:27:16] [126/178] 下载 tiktok... (剩余时间: 3:57:36.472449)
[2026-03-04 11:27:17]   ✓ 成功: tiktok.svg
[2026-03-04 11:27:17] [127/178] 下载 reddit... (剩余时间: 3:57:35.427368)
[2026-03-04 11:27:18]   ✓ 成功: reddit.svg
[2026-03-04 11:27:18] [128/178] 下载 tumblr... (剩余时间: 3:57:34.336098)
[2026-03-04 11:27:19]   ✓ 成功: tumblr.svg
[2026-03-04 11:27:19] [129/178] 下载 flickr... (剩余时间: 3:57:33.284174)
[2026-03-04 11:27:20]   ✓ 成功: flickr.svg
[2026-03-04 11:27:20] [130/178] 下载 vimeo... (剩余时间: 3:57:32.061215)
[2026-03-04 11:27:21]   ✓ 成功: vimeo.svg
[2026-03-04 11:27:21] [131/178] 下载 twitch... (剩余时间: 3:57:31.022525)
[2026-03-04 11:27:22]   ✓ 成功: twitch.svg
[2026-03-04 11:27:22] [132/178] 下载 bitcoin... (剩余时间: 3:57:29.974041)
[2026-03-04 11:27:23]   ✓ 成功: bitcoin.svg
[2026-03-04 11:27:24] [133/178] 下载 ethereum... (剩余时间: 3:57:28.747276)
[2026-03-04 11:27:24]   ✓ 成功: ethereum.svg
[2026-03-04 11:27:25] [134/178] 下载 binance... (剩余时间: 3:57:27.685476)
[2026-03-04 11:27:25]   ✓ 成功: binance.svg
[2026-03-04 11:27:26] [135/178] 下载 coinbase... (剩余时间: 3:57:26.632177)
[2026-03-04 11:27:26]   ✓ 成功: coinbase.svg
[2026-03-04 11:27:27] [136/178] 下载 kraken... (剩余时间: 3:57:25.572506)
[2026-03-04 11:27:27]   ✗ 失败
[2026-03-04 11:27:28] [137/178] 下载 robinhood... (剩余时间: 3:57:24.518983)
[2026-03-04 11:27:28]   ✓ 成功: robinhood.svg
[2026-03-04 11:27:29] [138/178] 下载 visa... (剩余时间: 3:57:23.480030)
[2026-03-04 11:27:29]   ✓ 成功: visa.svg
[2026-03-04 11:27:30] [139/178] 下载 mastercard... (剩余时间: 3:57:22.473619)
[2026-03-04 11:27:31]   ✓ 成功: mastercard.svg
[2026-03-04 11:27:31] [140/178] 下载 amex... (剩余时间: 3:57:21.423484)
[2026-03-04 11:27:32]   ✗ 失败
[2026-03-04 11:27:32] [141/178] 下载 discover... (剩余时间: 3:57:20.378801)
[2026-03-04 11:27:33]   ✓ 成功: discover.svg
[2026-03-04 11:27:33] [142/178] 下载 paypal... (剩余时间: 3:57:19.362830)
[2026-03-04 11:27:34]   ✓ 成功: paypal.svg
[2026-03-04 11:27:34] [143/178] 下载 square... (剩余时间: 3:57:18.307686)
[2026-03-04 11:27:35]   ✓ 成功: square.svg
[2026-03-04 11:27:35] [144/178] 下载 stripe... (剩余时间: 3:57:17.231667)
[2026-03-04 11:27:36]   ✓ 成功: stripe.svg
[2026-03-04 11:27:36] [145/178] 下载 fedex... (剩余时间: 3:57:16.168109)
[2026-03-04 11:27:37]   ✓ 成功: fedex.svg
[2026-03-04 11:27:37] [146/178] 下载 ups... (剩余时间: 3:57:15.129092)
[2026-03-04 11:27:38]   ✓ 成功: ups.svg
[2026-03-04 11:27:38] [147/178] 下载 dhl... (剩余时间: 3:57:14.118697)
[2026-03-04 11:27:39]   ✓ 成功: dhl.svg
[2026-03-04 11:27:39] [148/178] 下载 amazon-logistics... (剩余时间: 3:57:13.067399)
[2026-03-04 11:27:41]   ✗ 失败
[2026-03-04 11:27:41] [149/178] 下载 boeing... (剩余时间: 3:57:10.988841)
[2026-03-04 11:27:42]   ✓ 成功: boeing.svg
[2026-03-04 11:27:43] [150/178] 下载 airbus... (剩余时间: 3:57:09.946716)
[2026-03-04 11:27:43]   ✓ 成功: airbus.svg
[2026-03-04 11:27:44] [151/178] 下载 lockheed... (剩余时间: 3:57:08.849997)
[2026-03-04 11:27:44]   ✗ 失败
[2026-03-04 11:27:45] [152/178] 下载 northrop... (剩余时间: 3:57:07.720971)
[2026-03-04 11:27:45]   ✗ 失败
[2026-03-04 11:27:46] [153/178] 下载 raytheon... (剩余时间: 3:57:06.617027)
[2026-03-04 11:27:46]   ✗ 失败
[2026-03-04 11:27:47] [154/178] 下载 general-dynamics... (剩余时间: 3:57:05.555111)
[2026-03-04 11:27:48]   ✗ 失败
[2026-03-04 11:27:49] [155/178] 下载 caterpillar... (剩余时间: 3:57:03.637600)
[2026-03-04 11:27:49]   ✓ 成功: caterpillar.svg
[2026-03-04 11:27:50] [156/178] 下载 deere... (剩余时间: 3:57:02.593542)
[2026-03-04 11:27:51]   ✗ 失败
[2026-03-04 11:27:51] [157/178] 下载 komatsu... (剩余时间: 3:57:01.020466)
[2026-03-04 11:27:52]   ✗ 失败
[2026-03-04 11:27:53] [158/178] 下载 hitachi-construction... (剩余时间: 3:56:59.951873)
[2026-03-04 11:27:54]   ✗ 失败
[2026-03-04 11:27:55] [159/178] 下载 3m... (剩余时间: 3:56:57.817378)
[2026-03-04 11:27:55]   ✓ 成功: 3m.svg
[2026-03-04 11:27:56] [160/178] 下载 honeywell... (剩余时间: 3:56:56.733473)
[2026-03-04 11:27:56]   ✗ 失败
[2026-03-04 11:27:57] [161/178] 下载 ge... (剩余时间: 3:56:55.715004)
[2026-03-04 11:27:57]   ✗ 失败
[2026-03-04 11:27:58] [162/178] 下载 siemens-energy... (剩余时间: 3:56:54.554252)
[2026-03-04 11:27:59]   ✗ 失败
[2026-03-04 11:28:00] [163/178] 下载 schneider... (剩余时间: 3:56:52.632821)
[2026-03-04 11:28:00]   ✗ 失败
[2026-03-04 11:28:01] [164/178] 下载 abb... (剩余时间: 3:56:51.476433)
[2026-03-04 11:28:02]   ✓ 成功: abb.svg
[2026-03-04 11:28:02] [165/178] 下载 rockwell... (剩余时间: 3:56:50.421649)
[2026-03-04 11:28:03]   ✗ 失败
[2026-03-04 11:28:03] [166/178] 下载 dupont... (剩余时间: 3:56:49.400756)
[2026-03-04 11:28:04]   ✗ 失败
[2026-03-04 11:28:04] [167/178] 下载 dow... (剩余时间: 3:56:48.328121)
[2026-03-04 11:28:05]   ✗ 失败
[2026-03-04 11:28:05] [168/178] 下载 basf... (剩余时间: 3:56:47.223645)
[2026-03-04 11:28:06]   ✗ 失败
[2026-03-04 11:28:06] [169/178] 下载 lyondell... (剩余时间: 3:56:46.213436)
[2026-03-04 11:28:07]   ✗ 失败
[2026-03-04 11:28:07] [170/178] 下载 eastman... (剩余时间: 3:56:45.196583)
[2026-03-04 11:28:08]   ✗ 失败
[2026-03-04 11:28:08] [171/178] 下载 celanese... (剩余时间: 3:56:44.130074)
[2026-03-04 11:28:09]   ✗ 失败
[2026-03-04 11:28:09] [172/178] 下载 delta... (剩余时间: 3:56:43.076291)
[2026-03-04 11:28:10]   ✓ 成功: delta.svg
[2026-03-04 11:28:10] [173/178] 下载 united... (剩余时间: 3:56:42.015573)
[2026-03-04 11:28:11]   ✗ 失败
[2026-03-04 11:28:11] [174/178] 下载 american-airlines... (剩余时间: 3:56:40.991364)
[2026-03-04 11:28:12]   ✓ 成功: american-airlines.svg
[2026-03-04 11:28:13] [175/178] 下载 southwest... (剩余时间: 3:56:39.916058)
[2026-03-04 11:28:13]   ✗ 失败
[2026-03-04 11:28:14] [176/178] 下载 lufthansa... (剩余时间: 3:56:38.885809)
[2026-03-04 11:28:14]   ✓ 成功: lufthansa.svg
[2026-03-04 11:28:15] [177/178] 下载 emirates... (剩余时间: 3:56:37.798214)
[2026-03-04 11:28:15]   ✓ 成功: emirates.svg
[2026-03-04 11:28:16] [178/178] 下载 singapore-airlines... (剩余时间: 3:56:36.766851)
[2026-03-04 11:28:16]   ✓ 成功: singapore-airlines.svg
[2026-03-04 11:28:17] 
=== 下载完成 ===
[2026-03-04 11:28:17] 成功: 98
[2026-03-04 11:28:17] 失败: 80
[2026-03-04 11:28:17] 记录文件: logo/logo_records.md
